build/app/intermediates/manifest_merge_blame_file/release/manifest-merger-blame-release-report.txt
1<?xml version="1.0" encoding="utf-8"?>
2<manifest xmlns:android="http://schemas.android.com/apk/res/android"
3    package="com.mealplanner.app"
4    android:versionCode="1"
5    android:versionName="1.0.0" >
6
7    <uses-sdk
8        android:minSdkVersion="23"
8-->src\main\AndroidManifest.xml
9        android:targetSdkVersion="34" />
9-->src\main\AndroidManifest.xml
10
11    <uses-permission android:name="android.permission.INTERNET" />
11-->src\main\AndroidManifest.xml:4:5-66
11-->src\main\AndroidManifest.xml:4:22-64
12    <uses-permission android:name="android.permission.POST_NOTIFICATIONS" />
12-->src\main\AndroidManifest.xml:6:5-76
12-->src\main\AndroidManifest.xml:6:22-74
13    <uses-permission android:name="android.permission.ACCESS_NETWORK_STATE" />
13-->[:firebase_analytics] AndroidManifest.xml:9:5-79
13-->[:firebase_analytics] AndroidManifest.xml:9:22-76
14    <uses-permission android:name="android.permission.WAKE_LOCK" />
14-->[:firebase_analytics] AndroidManifest.xml:11:5-68
14-->[:firebase_analytics] AndroidManifest.xml:11:22-65
15    <uses-permission android:name="com.google.android.gms.permission.AD_ID" />
15-->[com.google.android.gms:play-services-measurement-api:22.1.0] AndroidManifest.xml:25:5-79
15-->[com.google.android.gms:play-services-measurement-api:22.1.0] AndroidManifest.xml:25:22-76
16    <uses-permission android:name="android.permission.ACCESS_ADSERVICES_ATTRIBUTION" />
16-->[com.google.android.gms:play-services-measurement-api:22.1.0] AndroidManifest.xml:26:5-88
16-->[com.google.android.gms:play-services-measurement-api:22.1.0] AndroidManifest.xml:26:22-85
17    <uses-permission android:name="android.permission.ACCESS_ADSERVICES_AD_ID" />
17-->[com.google.android.gms:play-services-measurement-api:22.1.0] AndroidManifest.xml:27:5-82
17-->[com.google.android.gms:play-services-measurement-api:22.1.0] AndroidManifest.xml:27:22-79
18    <uses-permission android:name="com.google.android.finsky.permission.BIND_GET_INSTALL_REFERRER_SERVICE" />
18-->[com.google.android.gms:play-services-measurement:22.1.0] AndroidManifest.xml:26:5-110
18-->[com.google.android.gms:play-services-measurement:22.1.0] AndroidManifest.xml:26:22-107
19    <uses-permission android:name="com.google.android.providers.gsf.permission.READ_GSERVICES" />
19-->[com.google.android.recaptcha:recaptcha:18.4.0] AndroidManifest.xml:9:5-98
19-->[com.google.android.recaptcha:recaptcha:18.4.0] AndroidManifest.xml:9:22-95
20
21    <permission
21-->[androidx.core:core:1.13.1] AndroidManifest.xml:22:5-24:47
22        android:name="com.mealplanner.app.DYNAMIC_RECEIVER_NOT_EXPORTED_PERMISSION"
22-->[androidx.core:core:1.13.1] AndroidManifest.xml:23:9-81
23        android:protectionLevel="signature" />
23-->[androidx.core:core:1.13.1] AndroidManifest.xml:24:9-44
24
25    <uses-permission android:name="com.mealplanner.app.DYNAMIC_RECEIVER_NOT_EXPORTED_PERMISSION" />
25-->[androidx.core:core:1.13.1] AndroidManifest.xml:26:5-97
25-->[androidx.core:core:1.13.1] AndroidManifest.xml:26:22-94
26
27    <application
27-->src\main\AndroidManifest.xml:7:5-61:19
28        android:appComponentFactory="androidx.core.app.CoreComponentFactory"
28-->[androidx.core:core:1.13.1] AndroidManifest.xml:28:18-86
29        android:extractNativeLibs="false"
30        android:icon="@mipmap/ic_launcher"
30-->src\main\AndroidManifest.xml:10:9-43
31        android:label="FocusR"
31-->src\main\AndroidManifest.xml:8:9-31
32        android:requestLegacyExternalStorage="true" >
32-->src\main\AndroidManifest.xml:11:9-52
33        <activity
33-->src\main\AndroidManifest.xml:13:9-51:20
34            android:name="com.mealplanner.app.MainActivity"
34-->src\main\AndroidManifest.xml:14:13-41
35            android:configChanges="orientation|keyboardHidden|keyboard|screenSize|smallestScreenSize|locale|layoutDirection|fontScale|screenLayout|density|uiMode"
35-->src\main\AndroidManifest.xml:18:13-163
36            android:exported="true"
36-->src\main\AndroidManifest.xml:15:13-36
37            android:hardwareAccelerated="true"
37-->src\main\AndroidManifest.xml:19:13-47
38            android:launchMode="singleTop"
38-->src\main\AndroidManifest.xml:16:13-43
39            android:theme="@style/LaunchTheme"
39-->src\main\AndroidManifest.xml:17:13-47
40            android:windowSoftInputMode="adjustResize" >
40-->src\main\AndroidManifest.xml:20:13-55
41
42            <!--
43                 Specifies an Android theme to apply to this Activity as soon as
44                 the Android process has started. This theme is visible to the user
45                 while the Flutter UI initializes. After that, this theme continues
46                 to determine the Window background behind the Flutter UI.
47            -->
48            <meta-data
48-->src\main\AndroidManifest.xml:25:13-28:17
49                android:name="io.flutter.embedding.android.NormalTheme"
49-->src\main\AndroidManifest.xml:26:15-70
50                android:resource="@style/NormalTheme" />
50-->src\main\AndroidManifest.xml:27:15-52
51            <!--
52                 Displays an Android View that continues showing the launch screen
53                 Drawable until Flutter paints its first frame, then this splash
54                 screen fades out. A splash screen is useful to avoid any visual
55                 gap between the end of Android's launch screen and the painting of
56                 Flutter's first frame.
57            -->
58            <meta-data
58-->src\main\AndroidManifest.xml:34:13-37:17
59                android:name="io.flutter.embedding.android.SplashScreenDrawable"
59-->src\main\AndroidManifest.xml:35:15-79
60                android:resource="@drawable/launch_background" />
60-->src\main\AndroidManifest.xml:36:15-61
61
62            <intent-filter>
62-->src\main\AndroidManifest.xml:38:13-41:29
63                <action android:name="android.intent.action.MAIN" />
63-->src\main\AndroidManifest.xml:39:17-68
63-->src\main\AndroidManifest.xml:39:25-66
64
65                <category android:name="android.intent.category.LAUNCHER" />
65-->src\main\AndroidManifest.xml:40:17-76
65-->src\main\AndroidManifest.xml:40:27-74
66            </intent-filter>
67            <!-- Deep linking -->
68            <meta-data
68-->src\main\AndroidManifest.xml:43:13-90
69                android:name="flutter_deeplinking_enabled"
69-->src\main\AndroidManifest.xml:43:24-66
70                android:value="true" />
70-->src\main\AndroidManifest.xml:43:67-87
71
72            <intent-filter android:autoVerify="true" >
72-->src\main\AndroidManifest.xml:44:13-49:29
72-->src\main\AndroidManifest.xml:44:28-53
73                <action android:name="android.intent.action.VIEW" />
73-->src\main\AndroidManifest.xml:45:17-69
73-->src\main\AndroidManifest.xml:45:25-66
74
75                <category android:name="android.intent.category.DEFAULT" />
75-->src\main\AndroidManifest.xml:46:17-76
75-->src\main\AndroidManifest.xml:46:27-73
76                <category android:name="android.intent.category.BROWSABLE" />
76-->src\main\AndroidManifest.xml:47:17-78
76-->src\main\AndroidManifest.xml:47:27-75
77
78                <data
78-->src\main\AndroidManifest.xml:48:17-75
79                    android:host="focusr.com"
79-->src\main\AndroidManifest.xml:48:47-72
80                    android:scheme="focusr" />
80-->src\main\AndroidManifest.xml:48:23-46
81            </intent-filter>
82        </activity>
83
84        <!--
85             Don't delete the meta-data below.
86             This is used by the Flutter tool to generate GeneratedPluginRegistrant.java
87        -->
88        <meta-data
88-->src\main\AndroidManifest.xml:55:9-57:33
89            android:name="flutterEmbedding"
89-->src\main\AndroidManifest.xml:56:13-44
90            android:value="2" />
90-->src\main\AndroidManifest.xml:57:13-30
91
92        <service
92-->[:cloud_firestore] AndroidManifest.xml:10:9-14:19
93            android:name="com.google.firebase.components.ComponentDiscoveryService"
93-->[:cloud_firestore] AndroidManifest.xml:10:18-89
94            android:directBootAware="true"
94-->[com.google.firebase:firebase-common:21.0.0] AndroidManifest.xml:32:13-43
95            android:exported="false" >
95-->[com.google.firebase:firebase-perf:21.0.1] AndroidManifest.xml:13:13-37
96            <meta-data
96-->[:cloud_firestore] AndroidManifest.xml:11:13-13:85
97                android:name="com.google.firebase.components:io.flutter.plugins.firebase.firestore.FlutterFirebaseFirestoreRegistrar"
97-->[:cloud_firestore] AndroidManifest.xml:12:17-134
98                android:value="com.google.firebase.components.ComponentRegistrar" />
98-->[:cloud_firestore] AndroidManifest.xml:13:17-82
99            <meta-data
99-->[:firebase_analytics] AndroidManifest.xml:15:13-17:85
100                android:name="com.google.firebase.components:io.flutter.plugins.firebase.analytics.FlutterFirebaseAppRegistrar"
100-->[:firebase_analytics] AndroidManifest.xml:16:17-128
101                android:value="com.google.firebase.components.ComponentRegistrar" />
101-->[:firebase_analytics] AndroidManifest.xml:17:17-82
102            <meta-data
102-->[:firebase_auth] AndroidManifest.xml:11:13-13:85
103                android:name="com.google.firebase.components:io.flutter.plugins.firebase.auth.FlutterFirebaseAuthRegistrar"
103-->[:firebase_auth] AndroidManifest.xml:12:17-124
104                android:value="com.google.firebase.components.ComponentRegistrar" />
104-->[:firebase_auth] AndroidManifest.xml:13:17-82
105            <meta-data
105-->[:firebase_performance] AndroidManifest.xml:13:13-15:85
106                android:name="com.google.firebase.components:io.flutter.plugins.firebase.performance.FlutterFirebaseAppRegistrar"
106-->[:firebase_performance] AndroidManifest.xml:14:17-130
107                android:value="com.google.firebase.components.ComponentRegistrar" />
107-->[:firebase_performance] AndroidManifest.xml:15:17-82
108            <meta-data
108-->[:firebase_core] AndroidManifest.xml:11:13-13:85
109                android:name="com.google.firebase.components:io.flutter.plugins.firebase.core.FlutterFirebaseCoreRegistrar"
109-->[:firebase_core] AndroidManifest.xml:12:17-124
110                android:value="com.google.firebase.components.ComponentRegistrar" />
110-->[:firebase_core] AndroidManifest.xml:13:17-82
111            <meta-data
111-->[com.google.firebase:firebase-perf:21.0.1] AndroidManifest.xml:14:13-16:85
112                android:name="com.google.firebase.components:com.google.firebase.perf.FirebasePerfKtxRegistrar"
112-->[com.google.firebase:firebase-perf:21.0.1] AndroidManifest.xml:15:17-112
113                android:value="com.google.firebase.components.ComponentRegistrar" />
113-->[com.google.firebase:firebase-perf:21.0.1] AndroidManifest.xml:16:17-82
114            <meta-data
114-->[com.google.firebase:firebase-perf:21.0.1] AndroidManifest.xml:17:13-19:85
115                android:name="com.google.firebase.components:com.google.firebase.perf.FirebasePerfRegistrar"
115-->[com.google.firebase:firebase-perf:21.0.1] AndroidManifest.xml:18:17-109
116                android:value="com.google.firebase.components.ComponentRegistrar" />
116-->[com.google.firebase:firebase-perf:21.0.1] AndroidManifest.xml:19:17-82
117            <meta-data
117-->[com.google.firebase:firebase-sessions:2.0.0] AndroidManifest.xml:29:13-31:85
118                android:name="com.google.firebase.components:com.google.firebase.sessions.FirebaseSessionsRegistrar"
118-->[com.google.firebase:firebase-sessions:2.0.0] AndroidManifest.xml:30:17-117
119                android:value="com.google.firebase.components.ComponentRegistrar" />
119-->[com.google.firebase:firebase-sessions:2.0.0] AndroidManifest.xml:31:17-82
120            <meta-data
120-->[com.google.firebase:firebase-auth:23.0.0] AndroidManifest.xml:69:13-71:85
121                android:name="com.google.firebase.components:com.google.firebase.auth.FirebaseAuthRegistrar"
121-->[com.google.firebase:firebase-auth:23.0.0] AndroidManifest.xml:70:17-109
122                android:value="com.google.firebase.components.ComponentRegistrar" />
122-->[com.google.firebase:firebase-auth:23.0.0] AndroidManifest.xml:71:17-82
123            <meta-data
123-->[com.google.firebase:firebase-firestore:25.1.0] AndroidManifest.xml:17:13-19:85
124                android:name="com.google.firebase.components:com.google.firebase.firestore.FirebaseFirestoreKtxRegistrar"
124-->[com.google.firebase:firebase-firestore:25.1.0] AndroidManifest.xml:18:17-122
125                android:value="com.google.firebase.components.ComponentRegistrar" />
125-->[com.google.firebase:firebase-firestore:25.1.0] AndroidManifest.xml:19:17-82
126            <meta-data
126-->[com.google.firebase:firebase-firestore:25.1.0] AndroidManifest.xml:20:13-22:85
127                android:name="com.google.firebase.components:com.google.firebase.firestore.FirestoreRegistrar"
127-->[com.google.firebase:firebase-firestore:25.1.0] AndroidManifest.xml:21:17-111
128                android:value="com.google.firebase.components.ComponentRegistrar" />
128-->[com.google.firebase:firebase-firestore:25.1.0] AndroidManifest.xml:22:17-82
129            <meta-data
129-->[com.google.firebase:firebase-config:22.0.0] AndroidManifest.xml:29:13-31:85
130                android:name="com.google.firebase.components:com.google.firebase.remoteconfig.FirebaseRemoteConfigKtxRegistrar"
130-->[com.google.firebase:firebase-config:22.0.0] AndroidManifest.xml:30:17-128
131                android:value="com.google.firebase.components.ComponentRegistrar" />
131-->[com.google.firebase:firebase-config:22.0.0] AndroidManifest.xml:31:17-82
132            <meta-data
132-->[com.google.firebase:firebase-config:22.0.0] AndroidManifest.xml:32:13-34:85
133                android:name="com.google.firebase.components:com.google.firebase.remoteconfig.RemoteConfigRegistrar"
133-->[com.google.firebase:firebase-config:22.0.0] AndroidManifest.xml:33:17-117
134                android:value="com.google.firebase.components.ComponentRegistrar" />
134-->[com.google.firebase:firebase-config:22.0.0] AndroidManifest.xml:34:17-82
135            <meta-data
135-->[com.google.android.gms:play-services-measurement-api:22.1.0] AndroidManifest.xml:37:13-39:85
136                android:name="com.google.firebase.components:com.google.firebase.analytics.connector.internal.AnalyticsConnectorRegistrar"
136-->[com.google.android.gms:play-services-measurement-api:22.1.0] AndroidManifest.xml:38:17-139
137                android:value="com.google.firebase.components.ComponentRegistrar" />
137-->[com.google.android.gms:play-services-measurement-api:22.1.0] AndroidManifest.xml:39:17-82
138            <meta-data
138-->[com.google.firebase:firebase-installations:18.0.0] AndroidManifest.xml:15:13-17:85
139                android:name="com.google.firebase.components:com.google.firebase.installations.FirebaseInstallationsKtxRegistrar"
139-->[com.google.firebase:firebase-installations:18.0.0] AndroidManifest.xml:16:17-130
140                android:value="com.google.firebase.components.ComponentRegistrar" />
140-->[com.google.firebase:firebase-installations:18.0.0] AndroidManifest.xml:17:17-82
141            <meta-data
141-->[com.google.firebase:firebase-installations:18.0.0] AndroidManifest.xml:18:13-20:85
142                android:name="com.google.firebase.components:com.google.firebase.installations.FirebaseInstallationsRegistrar"
142-->[com.google.firebase:firebase-installations:18.0.0] AndroidManifest.xml:19:17-127
143                android:value="com.google.firebase.components.ComponentRegistrar" />
143-->[com.google.firebase:firebase-installations:18.0.0] AndroidManifest.xml:20:17-82
144            <meta-data
144-->[com.google.firebase:firebase-common-ktx:21.0.0] AndroidManifest.xml:12:13-14:85
145                android:name="com.google.firebase.components:com.google.firebase.ktx.FirebaseCommonLegacyRegistrar"
145-->[com.google.firebase:firebase-common-ktx:21.0.0] AndroidManifest.xml:13:17-116
146                android:value="com.google.firebase.components.ComponentRegistrar" />
146-->[com.google.firebase:firebase-common-ktx:21.0.0] AndroidManifest.xml:14:17-82
147            <meta-data
147-->[com.google.firebase:firebase-common:21.0.0] AndroidManifest.xml:35:13-37:85
148                android:name="com.google.firebase.components:com.google.firebase.FirebaseCommonKtxRegistrar"
148-->[com.google.firebase:firebase-common:21.0.0] AndroidManifest.xml:36:17-109
149                android:value="com.google.firebase.components.ComponentRegistrar" />
149-->[com.google.firebase:firebase-common:21.0.0] AndroidManifest.xml:37:17-82
150            <meta-data
150-->[com.google.firebase:firebase-abt:21.1.1] AndroidManifest.xml:12:13-14:85
151                android:name="com.google.firebase.components:com.google.firebase.abt.component.AbtRegistrar"
151-->[com.google.firebase:firebase-abt:21.1.1] AndroidManifest.xml:13:17-109
152                android:value="com.google.firebase.components.ComponentRegistrar" />
152-->[com.google.firebase:firebase-abt:21.1.1] AndroidManifest.xml:14:17-82
153            <meta-data
153-->[com.google.firebase:firebase-datatransport:18.1.8] AndroidManifest.xml:27:13-29:85
154                android:name="com.google.firebase.components:com.google.firebase.datatransport.TransportRegistrar"
154-->[com.google.firebase:firebase-datatransport:18.1.8] AndroidManifest.xml:28:17-115
155                android:value="com.google.firebase.components.ComponentRegistrar" />
155-->[com.google.firebase:firebase-datatransport:18.1.8] AndroidManifest.xml:29:17-82
156        </service>
157        <!--
158           Declares a provider which allows us to store files to share in
159           '.../caches/share_plus' and grant the receiving action access
160        -->
161        <provider
161-->[:share_plus] AndroidManifest.xml:15:9-23:20
162            android:name="dev.fluttercommunity.plus.share.ShareFileProvider"
162-->[:share_plus] AndroidManifest.xml:16:13-77
163            android:authorities="com.mealplanner.app.flutter.share_provider"
163-->[:share_plus] AndroidManifest.xml:17:13-74
164            android:exported="false"
164-->[:share_plus] AndroidManifest.xml:18:13-37
165            android:grantUriPermissions="true" >
165-->[:share_plus] AndroidManifest.xml:19:13-47
166            <meta-data
166-->[:share_plus] AndroidManifest.xml:20:13-22:68
167                android:name="android.support.FILE_PROVIDER_PATHS"
167-->[:share_plus] AndroidManifest.xml:21:17-67
168                android:resource="@xml/flutter_share_file_paths" />
168-->[:share_plus] AndroidManifest.xml:22:17-65
169        </provider>
170        <!--
171           This manifest declared broadcast receiver allows us to use an explicit
172           Intent when creating a PendingItent to be informed of the user's choice
173        -->
174        <receiver
174-->[:share_plus] AndroidManifest.xml:28:9-34:20
175            android:name="dev.fluttercommunity.plus.share.SharePlusPendingIntent"
175-->[:share_plus] AndroidManifest.xml:29:13-82
176            android:exported="false" >
176-->[:share_plus] AndroidManifest.xml:30:13-37
177            <intent-filter>
177-->[:share_plus] AndroidManifest.xml:31:13-33:29
178                <action android:name="EXTRA_CHOSEN_COMPONENT" />
178-->[:share_plus] AndroidManifest.xml:32:17-65
178-->[:share_plus] AndroidManifest.xml:32:25-62
179            </intent-filter>
180        </receiver>
181
182        <activity
182-->[:url_launcher_android] AndroidManifest.xml:10:9-13:74
183            android:name="io.flutter.plugins.urllauncher.WebViewActivity"
183-->[:url_launcher_android] AndroidManifest.xml:11:13-74
184            android:exported="false"
184-->[:url_launcher_android] AndroidManifest.xml:12:13-37
185            android:theme="@android:style/Theme.NoTitleBar.Fullscreen" />
185-->[:url_launcher_android] AndroidManifest.xml:13:13-71
186
187        <service
187-->[com.google.firebase:firebase-sessions:2.0.0] AndroidManifest.xml:22:9-25:40
188            android:name="com.google.firebase.sessions.SessionLifecycleService"
188-->[com.google.firebase:firebase-sessions:2.0.0] AndroidManifest.xml:23:13-80
189            android:enabled="true"
189-->[com.google.firebase:firebase-sessions:2.0.0] AndroidManifest.xml:24:13-35
190            android:exported="false" />
190-->[com.google.firebase:firebase-sessions:2.0.0] AndroidManifest.xml:25:13-37
191
192        <activity
192-->[com.google.firebase:firebase-auth:23.0.0] AndroidManifest.xml:29:9-46:20
193            android:name="com.google.firebase.auth.internal.GenericIdpActivity"
193-->[com.google.firebase:firebase-auth:23.0.0] AndroidManifest.xml:30:13-80
194            android:excludeFromRecents="true"
194-->[com.google.firebase:firebase-auth:23.0.0] AndroidManifest.xml:31:13-46
195            android:exported="true"
195-->[com.google.firebase:firebase-auth:23.0.0] AndroidManifest.xml:32:13-36
196            android:launchMode="singleTask"
196-->[com.google.firebase:firebase-auth:23.0.0] AndroidManifest.xml:33:13-44
197            android:theme="@android:style/Theme.Translucent.NoTitleBar" >
197-->[com.google.firebase:firebase-auth:23.0.0] AndroidManifest.xml:34:13-72
198            <intent-filter>
198-->[com.google.firebase:firebase-auth:23.0.0] AndroidManifest.xml:35:13-45:29
199                <action android:name="android.intent.action.VIEW" />
199-->src\main\AndroidManifest.xml:45:17-69
199-->src\main\AndroidManifest.xml:45:25-66
200
201                <category android:name="android.intent.category.DEFAULT" />
201-->src\main\AndroidManifest.xml:46:17-76
201-->src\main\AndroidManifest.xml:46:27-73
202                <category android:name="android.intent.category.BROWSABLE" />
202-->src\main\AndroidManifest.xml:47:17-78
202-->src\main\AndroidManifest.xml:47:27-75
203
204                <data
204-->src\main\AndroidManifest.xml:48:17-75
205                    android:host="firebase.auth"
205-->src\main\AndroidManifest.xml:48:47-72
206                    android:path="/"
207                    android:scheme="genericidp" />
207-->src\main\AndroidManifest.xml:48:23-46
208            </intent-filter>
209        </activity>
210        <activity
210-->[com.google.firebase:firebase-auth:23.0.0] AndroidManifest.xml:47:9-64:20
211            android:name="com.google.firebase.auth.internal.RecaptchaActivity"
211-->[com.google.firebase:firebase-auth:23.0.0] AndroidManifest.xml:48:13-79
212            android:excludeFromRecents="true"
212-->[com.google.firebase:firebase-auth:23.0.0] AndroidManifest.xml:49:13-46
213            android:exported="true"
213-->[com.google.firebase:firebase-auth:23.0.0] AndroidManifest.xml:50:13-36
214            android:launchMode="singleTask"
214-->[com.google.firebase:firebase-auth:23.0.0] AndroidManifest.xml:51:13-44
215            android:theme="@android:style/Theme.Translucent.NoTitleBar" >
215-->[com.google.firebase:firebase-auth:23.0.0] AndroidManifest.xml:52:13-72
216            <intent-filter>
216-->[com.google.firebase:firebase-auth:23.0.0] AndroidManifest.xml:53:13-63:29
217                <action android:name="android.intent.action.VIEW" />
217-->src\main\AndroidManifest.xml:45:17-69
217-->src\main\AndroidManifest.xml:45:25-66
218
219                <category android:name="android.intent.category.DEFAULT" />
219-->src\main\AndroidManifest.xml:46:17-76
219-->src\main\AndroidManifest.xml:46:27-73
220                <category android:name="android.intent.category.BROWSABLE" />
220-->src\main\AndroidManifest.xml:47:17-78
220-->src\main\AndroidManifest.xml:47:27-75
221
222                <data
222-->src\main\AndroidManifest.xml:48:17-75
223                    android:host="firebase.auth"
223-->src\main\AndroidManifest.xml:48:47-72
224                    android:path="/"
225                    android:scheme="recaptcha" />
225-->src\main\AndroidManifest.xml:48:23-46
226            </intent-filter>
227        </activity>
228
229        <property
229-->[com.google.android.gms:play-services-measurement-api:22.1.0] AndroidManifest.xml:30:9-32:61
230            android:name="android.adservices.AD_SERVICES_CONFIG"
230-->[com.google.android.gms:play-services-measurement-api:22.1.0] AndroidManifest.xml:31:13-65
231            android:resource="@xml/ga_ad_services_config" />
231-->[com.google.android.gms:play-services-measurement-api:22.1.0] AndroidManifest.xml:32:13-58
232
233        <service
233-->[androidx.credentials:credentials-play-services-auth:1.2.0-rc01] AndroidManifest.xml:24:9-32:19
234            android:name="androidx.credentials.playservices.CredentialProviderMetadataHolder"
234-->[androidx.credentials:credentials-play-services-auth:1.2.0-rc01] AndroidManifest.xml:25:13-94
235            android:enabled="true"
235-->[androidx.credentials:credentials-play-services-auth:1.2.0-rc01] AndroidManifest.xml:26:13-35
236            android:exported="false" >
236-->[androidx.credentials:credentials-play-services-auth:1.2.0-rc01] AndroidManifest.xml:27:13-37
237            <meta-data
237-->[androidx.credentials:credentials-play-services-auth:1.2.0-rc01] AndroidManifest.xml:29:13-31:104
238                android:name="androidx.credentials.CREDENTIAL_PROVIDER_KEY"
238-->[androidx.credentials:credentials-play-services-auth:1.2.0-rc01] AndroidManifest.xml:30:17-76
239                android:value="androidx.credentials.playservices.CredentialProviderPlayServicesImpl" />
239-->[androidx.credentials:credentials-play-services-auth:1.2.0-rc01] AndroidManifest.xml:31:17-101
240        </service>
241
242        <activity
242-->[androidx.credentials:credentials-play-services-auth:1.2.0-rc01] AndroidManifest.xml:34:9-41:20
243            android:name="androidx.credentials.playservices.HiddenActivity"
243-->[androidx.credentials:credentials-play-services-auth:1.2.0-rc01] AndroidManifest.xml:35:13-76
244            android:configChanges="orientation|screenSize|screenLayout|keyboardHidden"
244-->[androidx.credentials:credentials-play-services-auth:1.2.0-rc01] AndroidManifest.xml:36:13-87
245            android:enabled="true"
245-->[androidx.credentials:credentials-play-services-auth:1.2.0-rc01] AndroidManifest.xml:37:13-35
246            android:exported="false"
246-->[androidx.credentials:credentials-play-services-auth:1.2.0-rc01] AndroidManifest.xml:38:13-37
247            android:fitsSystemWindows="true"
247-->[androidx.credentials:credentials-play-services-auth:1.2.0-rc01] AndroidManifest.xml:39:13-45
248            android:theme="@style/Theme.Hidden" >
248-->[androidx.credentials:credentials-play-services-auth:1.2.0-rc01] AndroidManifest.xml:40:13-48
249        </activity>
250        <activity
250-->[com.google.android.gms:play-services-auth:21.0.0] AndroidManifest.xml:23:9-27:75
251            android:name="com.google.android.gms.auth.api.signin.internal.SignInHubActivity"
251-->[com.google.android.gms:play-services-auth:21.0.0] AndroidManifest.xml:24:13-93
252            android:excludeFromRecents="true"
252-->[com.google.android.gms:play-services-auth:21.0.0] AndroidManifest.xml:25:13-46
253            android:exported="false"
253-->[com.google.android.gms:play-services-auth:21.0.0] AndroidManifest.xml:26:13-37
254            android:theme="@android:style/Theme.Translucent.NoTitleBar" />
254-->[com.google.android.gms:play-services-auth:21.0.0] AndroidManifest.xml:27:13-72
255        <!--
256            Service handling Google Sign-In user revocation. For apps that do not integrate with
257            Google Sign-In, this service will never be started.
258        -->
259        <service
259-->[com.google.android.gms:play-services-auth:21.0.0] AndroidManifest.xml:33:9-37:51
260            android:name="com.google.android.gms.auth.api.signin.RevocationBoundService"
260-->[com.google.android.gms:play-services-auth:21.0.0] AndroidManifest.xml:34:13-89
261            android:exported="true"
261-->[com.google.android.gms:play-services-auth:21.0.0] AndroidManifest.xml:35:13-36
262            android:permission="com.google.android.gms.auth.api.signin.permission.REVOCATION_NOTIFICATION"
262-->[com.google.android.gms:play-services-auth:21.0.0] AndroidManifest.xml:36:13-107
263            android:visibleToInstantApps="true" />
263-->[com.google.android.gms:play-services-auth:21.0.0] AndroidManifest.xml:37:13-48
264
265        <activity
265-->[com.google.android.gms:play-services-base:18.0.1] AndroidManifest.xml:20:9-22:45
266            android:name="com.google.android.gms.common.api.GoogleApiActivity"
266-->[com.google.android.gms:play-services-base:18.0.1] AndroidManifest.xml:20:19-85
267            android:exported="false"
267-->[com.google.android.gms:play-services-base:18.0.1] AndroidManifest.xml:22:19-43
268            android:theme="@android:style/Theme.Translucent.NoTitleBar" />
268-->[com.google.android.gms:play-services-base:18.0.1] AndroidManifest.xml:21:19-78
269
270        <provider
270-->[com.google.firebase:firebase-common:21.0.0] AndroidManifest.xml:23:9-28:39
271            android:name="com.google.firebase.provider.FirebaseInitProvider"
271-->[com.google.firebase:firebase-common:21.0.0] AndroidManifest.xml:24:13-77
272            android:authorities="com.mealplanner.app.firebaseinitprovider"
272-->[com.google.firebase:firebase-common:21.0.0] AndroidManifest.xml:25:13-72
273            android:directBootAware="true"
273-->[com.google.firebase:firebase-common:21.0.0] AndroidManifest.xml:26:13-43
274            android:exported="false"
274-->[com.google.firebase:firebase-common:21.0.0] AndroidManifest.xml:27:13-37
275            android:initOrder="100" />
275-->[com.google.firebase:firebase-common:21.0.0] AndroidManifest.xml:28:13-36
276
277        <receiver
277-->[com.google.android.gms:play-services-measurement:22.1.0] AndroidManifest.xml:29:9-33:20
278            android:name="com.google.android.gms.measurement.AppMeasurementReceiver"